[4.907s] Invoking command in '/home/dozie/magnetcontrol_ws/build/magnet_control': PYTHONPATH=/home/dozie/magnetcontrol_ws/build/magnet_control/prefix_override:/usr/lib/python3/dist-packages/colcon_core/task/python/colcon_distutils_commands:/home/dozie/magnetcontrol_ws/install/magnet_control/lib/python3.10/site-packages:${PYTHONPATH} /usr/bin/python3 -W ignore:setup.py install is deprecated -W ignore:easy_install command is deprecated setup.py develop --editable --build-directory /home/dozie/magnetcontrol_ws/build/magnet_control/build --no-deps symlink_data
[5.230s] running develop
[5.461s] running egg_info
[5.461s] writing magnet_control.egg-info/PKG-INFO
[5.461s] writing dependency_links to magnet_control.egg-info/dependency_links.txt
[5.461s] writing entry points to magnet_control.egg-info/entry_points.txt
[5.462s] writing requirements to magnet_control.egg-info/requires.txt
[5.462s] writing top-level names to magnet_control.egg-info/top_level.txt
[5.464s] reading manifest file 'magnet_control.egg-info/SOURCES.txt'
[5.465s] writing manifest file 'magnet_control.egg-info/SOURCES.txt'
[5.466s] running build_ext
[5.467s] Creating /home/dozie/magnetcontrol_ws/install/magnet_control/lib/python3.10/site-packages/magnet-control.egg-link (link to .)
[5.467s] Installing move_waypoints script to /home/dozie/magnetcontrol_ws/install/magnet_control/lib/magnet_control
[5.468s] Installing mscr_inv_control script to /home/dozie/magnetcontrol_ws/install/magnet_control/lib/magnet_control
[5.468s] Installing mscr_inv_cosserat script to /home/dozie/magnetcontrol_ws/install/magnet_control/lib/magnet_control
[5.468s] Installing mscr_raw script to /home/dozie/magnetcontrol_ws/install/magnet_control/lib/magnet_control
[5.468s] 
[5.468s] Installed /home/dozie/magnetcontrol_ws/build/magnet_control
[5.468s] running symlink_data
[5.492s] Invoked command in '/home/dozie/magnetcontrol_ws/build/magnet_control' returned '0': PYTHONPATH=/home/dozie/magnetcontrol_ws/build/magnet_control/prefix_override:/usr/lib/python3/dist-packages/colcon_core/task/python/colcon_distutils_commands:/home/dozie/magnetcontrol_ws/install/magnet_control/lib/python3.10/site-packages:${PYTHONPATH} /usr/bin/python3 -W ignore:setup.py install is deprecated -W ignore:easy_install command is deprecated setup.py develop --editable --build-directory /home/dozie/magnetcontrol_ws/build/magnet_control/build --no-deps symlink_data
