[0.869s] Invoking command in '/home/dozie/magnetcontrol_ws/src/build/magnet_control': PYTHONPATH=/home/dozie/magnetcontrol_ws/src/build/magnet_control/prefix_override:/usr/lib/python3/dist-packages/colcon_core/task/python/colcon_distutils_commands:/home/dozie/magnetcontrol_ws/src/install/magnet_control/lib/python3.10/site-packages:${PYTHONPATH} /usr/bin/python3 -W ignore:setup.py install is deprecated -W ignore:easy_install command is deprecated setup.py develop --editable --build-directory /home/dozie/magnetcontrol_ws/src/build/magnet_control/build --no-deps symlink_data
[1.198s] running develop
[1.441s] running egg_info
[1.441s] creating magnet_control.egg-info
[1.441s] writing magnet_control.egg-info/PKG-INFO
[1.441s] writing dependency_links to magnet_control.egg-info/dependency_links.txt
[1.441s] writing entry points to magnet_control.egg-info/entry_points.txt
[1.442s] writing requirements to magnet_control.egg-info/requires.txt
[1.442s] writing top-level names to magnet_control.egg-info/top_level.txt
[1.442s] writing manifest file 'magnet_control.egg-info/SOURCES.txt'
[1.443s] reading manifest file 'magnet_control.egg-info/SOURCES.txt'
[1.444s] writing manifest file 'magnet_control.egg-info/SOURCES.txt'
[1.445s] running build_ext
[1.445s] Creating /home/dozie/magnetcontrol_ws/src/install/magnet_control/lib/python3.10/site-packages/magnet-control.egg-link (link to .)
[1.446s] Installing move_waypoints script to /home/dozie/magnetcontrol_ws/src/install/magnet_control/lib/magnet_control
[1.446s] Installing mscr_inv_control script to /home/dozie/magnetcontrol_ws/src/install/magnet_control/lib/magnet_control
[1.446s] Installing mscr_inv_cosserat script to /home/dozie/magnetcontrol_ws/src/install/magnet_control/lib/magnet_control
[1.446s] 
[1.447s] Installed /home/dozie/magnetcontrol_ws/src/build/magnet_control
[1.447s] running symlink_data
[1.447s] creating /home/dozie/magnetcontrol_ws/src/install/magnet_control/share/ament_index
[1.447s] creating /home/dozie/magnetcontrol_ws/src/install/magnet_control/share/ament_index/resource_index
[1.447s] creating /home/dozie/magnetcontrol_ws/src/install/magnet_control/share/ament_index/resource_index/packages
[1.447s] symbolically linking /home/dozie/magnetcontrol_ws/src/build/magnet_control/resource/magnet_control -> /home/dozie/magnetcontrol_ws/src/install/magnet_control/share/ament_index/resource_index/packages
[1.447s] symbolically linking /home/dozie/magnetcontrol_ws/src/build/magnet_control/package.xml -> /home/dozie/magnetcontrol_ws/src/install/magnet_control/share/magnet_control
[1.447s] symbolically linking /home/dozie/magnetcontrol_ws/src/build/magnet_control/magnet_control/mscr_inverse_model.onnx -> /home/dozie/magnetcontrol_ws/src/install/magnet_control/lib/magnet_control
[1.447s] symbolically linking /home/dozie/magnetcontrol_ws/src/build/magnet_control/magnet_control/inv_norm3.mat -> /home/dozie/magnetcontrol_ws/src/install/magnet_control/lib/magnet_control
[1.476s] Invoked command in '/home/dozie/magnetcontrol_ws/src/build/magnet_control' returned '0': PYTHONPATH=/home/dozie/magnetcontrol_ws/src/build/magnet_control/prefix_override:/usr/lib/python3/dist-packages/colcon_core/task/python/colcon_distutils_commands:/home/dozie/magnetcontrol_ws/src/install/magnet_control/lib/python3.10/site-packages:${PYTHONPATH} /usr/bin/python3 -W ignore:setup.py install is deprecated -W ignore:easy_install command is deprecated setup.py develop --editable --build-directory /home/dozie/magnetcontrol_ws/src/build/magnet_control/build --no-deps symlink_data
