[0.885s] Invoking command in '/home/dozie/magnetcontrol_ws/src/build/magnet_control': PYTHONPATH=/home/dozie/magnetcontrol_ws/src/build/magnet_control/prefix_override:/usr/lib/python3/dist-packages/colcon_core/task/python/colcon_distutils_commands:/home/dozie/magnetcontrol_ws/src/install/magnet_control/lib/python3.10/site-packages:${PYTHONPATH} /usr/bin/python3 -W ignore:setup.py install is deprecated -W ignore:easy_install command is deprecated setup.py develop --editable --build-directory /home/dozie/magnetcontrol_ws/src/build/magnet_control/build --no-deps symlink_data
[1.210s] running develop
[1.451s] running egg_info
[1.452s] writing magnet_control.egg-info/PKG-INFO
[1.452s] writing dependency_links to magnet_control.egg-info/dependency_links.txt
[1.452s] writing entry points to magnet_control.egg-info/entry_points.txt
[1.452s] writing requirements to magnet_control.egg-info/requires.txt
[1.452s] writing top-level names to magnet_control.egg-info/top_level.txt
[1.454s] reading manifest file 'magnet_control.egg-info/SOURCES.txt'
[1.455s] writing manifest file 'magnet_control.egg-info/SOURCES.txt'
[1.456s] running build_ext
[1.456s] Creating /home/dozie/magnetcontrol_ws/src/install/magnet_control/lib/python3.10/site-packages/magnet-control.egg-link (link to .)
[1.457s] Installing move_waypoints script to /home/dozie/magnetcontrol_ws/src/install/magnet_control/lib/magnet_control
[1.457s] Installing mscr_inv_control script to /home/dozie/magnetcontrol_ws/src/install/magnet_control/lib/magnet_control
[1.457s] Installing mscr_inv_cosserat script to /home/dozie/magnetcontrol_ws/src/install/magnet_control/lib/magnet_control
[1.457s] Installing mscr_raw script to /home/dozie/magnetcontrol_ws/src/install/magnet_control/lib/magnet_control
[1.458s] 
[1.458s] Installed /home/dozie/magnetcontrol_ws/src/build/magnet_control
[1.458s] running symlink_data
[1.487s] Invoked command in '/home/dozie/magnetcontrol_ws/src/build/magnet_control' returned '0': PYTHONPATH=/home/dozie/magnetcontrol_ws/src/build/magnet_control/prefix_override:/usr/lib/python3/dist-packages/colcon_core/task/python/colcon_distutils_commands:/home/dozie/magnetcontrol_ws/src/install/magnet_control/lib/python3.10/site-packages:${PYTHONPATH} /usr/bin/python3 -W ignore:setup.py install is deprecated -W ignore:easy_install command is deprecated setup.py develop --editable --build-directory /home/dozie/magnetcontrol_ws/src/build/magnet_control/build --no-deps symlink_data
